/u/sx24/.venvs/ltd_vicuna/lib64/python3.9/site-packages/transformers/utils/hub.py:111: FutureWarning: Using `TRANSFORMERS_CACHE` is deprecated and will be removed in v5 of Transformers. Use `HF_HOME` instead.
  warnings.warn(
/u/sx24/.venvs/ltd_vicuna/lib64/python3.9/site-packages/transformers/utils/hub.py:111: FutureWarning: Using `TRANSFORMERS_CACHE` is deprecated and will be removed in v5 of Transformers. Use `HF_HOME` instead.
  warnings.warn(
The `load_in_4bit` and `load_in_8bit` arguments are deprecated and will be removed in the future versions. Please, pass a `BitsAndBytesConfig` object in `quantization_config` argument instead.
Fetching 8 files:   0%|          | 0/8 [00:00<?, ?it/s]Fetching 8 files:  12%|█▎        | 1/8 [00:13<01:31, 13.02s/it]Fetching 8 files:  25%|██▌       | 2/8 [00:13<00:35,  5.84s/it]Fetching 8 files: 100%|██████████| 8/8 [00:13<00:00,  1.73s/it]
Loading checkpoint shards:   0%|          | 0/8 [00:00<?, ?it/s]Loading checkpoint shards:  12%|█▎        | 1/8 [00:02<00:19,  2.83s/it]Loading checkpoint shards:  25%|██▌       | 2/8 [00:06<00:19,  3.21s/it]Loading checkpoint shards:  38%|███▊      | 3/8 [00:09<00:16,  3.33s/it]Loading checkpoint shards:  50%|█████     | 4/8 [00:13<00:13,  3.40s/it]Loading checkpoint shards:  62%|██████▎   | 5/8 [00:16<00:10,  3.44s/it]Loading checkpoint shards:  75%|███████▌  | 6/8 [00:20<00:06,  3.49s/it]Loading checkpoint shards:  88%|████████▊ | 7/8 [00:23<00:03,  3.45s/it]Loading checkpoint shards: 100%|██████████| 8/8 [00:24<00:00,  2.74s/it]Loading checkpoint shards: 100%|██████████| 8/8 [00:24<00:00,  3.12s/it]
Traceback (most recent call last):
  File "/u/sx24/scratch/LTD_reproduce/evaluate/benchmark_grid_sweep.py", line 233, in <module>
    main()
  File "/u/sx24/scratch/LTD_reproduce/evaluate/benchmark_grid_sweep.py", line 190, in main
    grid = run_grid_sweep(model, samples, args.depths, args.sizes, args.temperature)
  File "/u/sx24/scratch/LTD_reproduce/evaluate/benchmark_grid_sweep.py", line 63, in run_grid_sweep
    avg_tp = np.mean([s["throughput"] for s in config_samples])
  File "/u/sx24/.venvs/ltd_vicuna/lib64/python3.9/site-packages/numpy/core/fromnumeric.py", line 3504, in mean
    return _methods._mean(a, axis=axis, dtype=dtype,
  File "/u/sx24/.venvs/ltd_vicuna/lib64/python3.9/site-packages/numpy/core/_methods.py", line 102, in _mean
    arr = asanyarray(a)
  File "/u/sx24/.venvs/ltd_vicuna/lib64/python3.9/site-packages/torch/_tensor.py", line 1194, in __array__
    return self.numpy()
TypeError: can't convert cuda:0 device type tensor to numpy. Use Tensor.cpu() to copy the tensor to host memory first.
